<?xml version="1.0" encoding="UTF-8"?>
<!-- Generated by org.testng.reporters.JUnitReportReporter -->
<testsuite hostname="LKSRIWL-66219H2" failures="0" tests="1" name="Tests.AmazonTest" time="30.426" errors="0" timestamp="27 Jan 2023 08:23:48 GMT">
  <testcase classname="Tests.AmazonTest" name="purchaseItemFromAmazon" time="30.426"/>
</testsuite> <!-- Tests.AmazonTest -->
